This is XeTeX, Version 3.14159265-2.6-0.999992 (MiKTeX 20.12) (preloaded format=xelatex 2021.1.13)  27 JAN 2022 18:27
entering extended mode
**./_main.tex
(_main.tex
LaTeX2e <2020-10-01> patch level 2
L3 programming layer <2020-12-07> xparse <2020-03-03> (C:\Users\auror\AppData\L
ocal\Programs\MiKTeX\tex/latex/base\book.cls
Document Class: book 2020/04/10 v1.4m Standard LaTeX document class
(C:\Users\auror\AppData\Local\Programs\MiKTeX\tex/latex/base\bk10.clo
File: bk10.clo 2020/04/10 v1.4m Standard LaTeX file (size option)
)
\c@part=\count173
\c@chapter=\count174
\c@section=\count175
\c@subsection=\count176
\c@subsubsection=\count177
\c@paragraph=\count178
\c@subparagraph=\count179
\c@figure=\count180
\c@table=\count181
\abovecaptionskip=\skip47
\belowcaptionskip=\skip48
\bibindent=\dimen138
) (C:\Users\auror\AppData\Local\Programs\MiKTeX\tex/latex/amsmath\amsmath.sty
Package: amsmath 2020/09/23 v2.17i AMS math features
\@mathmargin=\skip49
For additional information on amsmath, use the `?' option.
(C:\Users\auror\AppData\Local\Programs\MiKTeX\tex/latex/amsmath\amstext.sty
Package: amstext 2000/06/29 v2.01 AMS text
(C:\Users\auror\AppData\Local\Programs\MiKTeX\tex/latex/amsmath\amsgen.sty
File: amsgen.sty 1999/11/30 v2.0 generic functions
\@emptytoks=\toks15
\ex@=\dimen139
)) (C:\Users\auror\AppData\Local\Programs\MiKTeX\tex/latex/amsmath\amsbsy.sty
Package: amsbsy 1999/11/29 v1.2d Bold Symbols
\pmbraise@=\dimen140
) (C:\Users\auror\AppData\Local\Programs\MiKTeX\tex/latex/amsmath\amsopn.sty
Package: amsopn 2016/03/08 v2.02 operator names
)
\inf@bad=\count182
LaTeX Info: Redefining \frac on input line 234.
\uproot@=\count183
\leftroot@=\count184
LaTeX Info: Redefining \overline on input line 399.
\classnum@=\count185
\DOTSCASE@=\count186
LaTeX Info: Redefining \ldots on input line 496.
LaTeX Info: Redefining \dots on input line 499.
LaTeX Info: Redefining \cdots on input line 620.
\Mathstrutbox@=\box47
\strutbox@=\box48
\big@size=\dimen141
LaTeX Font Info:    Redeclaring font encoding OML on input line 743.
LaTeX Font Info:    Redeclaring font encoding OMS on input line 744.
\macc@depth=\count187
\c@MaxMatrixCols=\count188
\dotsspace@=\muskip16
\c@parentequation=\count189
\dspbrk@lvl=\count190
\tag@help=\toks16
\row@=\count191
\column@=\count192
\maxfields@=\count193
\andhelp@=\toks17
\eqnshift@=\dimen142
\alignsep@=\dimen143
\tagshift@=\dimen144
\tagwidth@=\dimen145
\totwidth@=\dimen146
\lineht@=\dimen147
\@envbody=\toks18
\multlinegap=\skip50
\multlinetaggap=\skip51
\mathdisplay@stack=\toks19
LaTeX Info: Redefining \[ on input line 2923.
LaTeX Info: Redefining \] on input line 2924.
) (C:\Users\auror\AppData\Local\Programs\MiKTeX\tex/latex/amsfonts\amssymb.sty
Package: amssymb 2013/01/14 v3.01 AMS font symbols
(C:\Users\auror\AppData\Local\Programs\MiKTeX\tex/latex/amsfonts\amsfonts.sty
Package: amsfonts 2013/01/14 v3.01 Basic AMSFonts support
\symAMSa=\mathgroup4
\symAMSb=\mathgroup5
LaTeX Font Info:    Redeclaring math symbol \hbar on input line 98.
LaTeX Font Info:    Overwriting math alphabet `\mathfrak' in version `bold'
(Font)                  U/euf/m/n --> U/euf/b/n on input line 106.
)) (C:\Users\auror\AppData\Local\Programs\MiKTeX\tex/latex/lm\lmodern.sty
Package: lmodern 2009/10/30 v1.6 Latin Modern Fonts
LaTeX Font Info:    Overwriting symbol font `operators' in version `normal'
(Font)                  OT1/cmr/m/n --> OT1/lmr/m/n on input line 22.
LaTeX Font Info:    Overwriting symbol font `letters' in version `normal'
(Font)                  OML/cmm/m/it --> OML/lmm/m/it on input line 23.
LaTeX Font Info:    Overwriting symbol font `symbols' in version `normal'
(Font)                  OMS/cmsy/m/n --> OMS/lmsy/m/n on input line 24.
LaTeX Font Info:    Overwriting symbol font `largesymbols' in version `normal'
(Font)                  OMX/cmex/m/n --> OMX/lmex/m/n on input line 25.
LaTeX Font Info:    Overwriting symbol font `operators' in version `bold'
(Font)                  OT1/cmr/bx/n --> OT1/lmr/bx/n on input line 26.
LaTeX Font Info:    Overwriting symbol font `letters' in version `bold'
(Font)                  OML/cmm/b/it --> OML/lmm/b/it on input line 27.
LaTeX Font Info:    Overwriting symbol font `symbols' in version `bold'
(Font)                  OMS/cmsy/b/n --> OMS/lmsy/b/n on input line 28.
LaTeX Font Info:    Overwriting symbol font `largesymbols' in version `bold'
(Font)                  OMX/cmex/m/n --> OMX/lmex/m/n on input line 29.
LaTeX Font Info:    Overwriting math alphabet `\mathbf' in version `normal'
(Font)                  OT1/cmr/bx/n --> OT1/lmr/bx/n on input line 31.
LaTeX Font Info:    Overwriting math alphabet `\mathsf' in version `normal'
(Font)                  OT1/cmss/m/n --> OT1/lmss/m/n on input line 32.
LaTeX Font Info:    Overwriting math alphabet `\mathit' in version `normal'
(Font)                  OT1/cmr/m/it --> OT1/lmr/m/it on input line 33.
LaTeX Font Info:    Overwriting math alphabet `\mathtt' in version `normal'
(Font)                  OT1/cmtt/m/n --> OT1/lmtt/m/n on input line 34.
LaTeX Font Info:    Overwriting math alphabet `\mathbf' in version `bold'
(Font)                  OT1/cmr/bx/n --> OT1/lmr/bx/n on input line 35.
LaTeX Font Info:    Overwriting math alphabet `\mathsf' in version `bold'
(Font)                  OT1/cmss/bx/n --> OT1/lmss/bx/n on input line 36.
LaTeX Font Info:    Overwriting math alphabet `\mathit' in version `bold'
(Font)                  OT1/cmr/bx/it --> OT1/lmr/bx/it on input line 37.
LaTeX Font Info:    Overwriting math alphabet `\mathtt' in version `bold'
(Font)                  OT1/cmtt/m/n --> OT1/lmtt/m/n on input line 38.
) (C:\Users\auror\AppData\Local\Programs\MiKTeX\tex/generic/iftex\iftex.sty
Package: iftex 2020/03/06 v1.0d TeX engine tests
)
(C:\Users\auror\AppData\Local\Programs\MiKTeX\tex/latex/unicode-math\unicode-ma
th.sty (C:\Users\auror\AppData\Local\Programs\MiKTeX\tex/latex/l3kernel\expl3.s
ty
Package: expl3 2020-12-07 L3 programming layer (loader) 

(C:\Users\auror\AppData\Local\Programs\MiKTeX\tex/latex/l3backend\l3backend-xet
ex.def
File: l3backend-xetex.def 2020-09-24 L3 backend support: XeTeX
\g__graphics_track_int=\count194
\l__pdf_internal_box=\box49
\g__pdf_backend_object_int=\count195
\g__pdf_backend_annotation_int=\count196
))
Package: unicode-math 2020/01/31 v0.8q Unicode maths in XeLaTeX and LuaLaTeX

(C:\Users\auror\AppData\Local\Programs\MiKTeX\tex/latex/unicode-math\unicode-ma
th-xetex.sty
Package: unicode-math-xetex 2020/01/31 v0.8q Unicode maths in XeLaTeX and LuaLa
TeX

(C:\Users\auror\AppData\Local\Programs\MiKTeX\tex/latex/l3packages/xparse\xpars
e.sty
Package: xparse 2020-10-27 L3 Experimental document command parser

(C:\Users\auror\AppData\Local\Programs\MiKTeX\tex/latex/l3packages/xparse\xpars
e-generic.tex))
(C:\Users\auror\AppData\Local\Programs\MiKTeX\tex/latex/l3packages/l3keys2e\l3k
eys2e.sty
Package: l3keys2e 2020-10-27 LaTeX2e option processing using LaTeX3 keys
) (C:\Users\auror\AppData\Local\Programs\MiKTeX\tex/latex/fontspec\fontspec.sty
Package: fontspec 2020/02/21 v2.7i Font selection for XeLaTeX and LuaLaTeX

(C:\Users\auror\AppData\Local\Programs\MiKTeX\tex/latex/fontspec\fontspec-xetex
.sty
Package: fontspec-xetex 2020/02/21 v2.7i Font selection for XeLaTeX and LuaLaTe
X
\l__fontspec_script_int=\count197
\l__fontspec_language_int=\count198
\l__fontspec_strnum_int=\count199
\l__fontspec_tmp_int=\count266
\l__fontspec_tmpa_int=\count267
\l__fontspec_tmpb_int=\count268
\l__fontspec_tmpc_int=\count269
\l__fontspec_em_int=\count270
\l__fontspec_emdef_int=\count271
\l__fontspec_strong_int=\count272
\l__fontspec_strongdef_int=\count273
\l__fontspec_tmpa_dim=\dimen148
\l__fontspec_tmpb_dim=\dimen149
\l__fontspec_tmpc_dim=\dimen150
(C:\Users\auror\AppData\Local\Programs\MiKTeX\tex/latex/base\fontenc.sty
Package: fontenc 2020/08/10 v2.0s Standard LaTeX package
) (C:\Users\auror\AppData\Local\Programs\MiKTeX\tex/latex/fontspec\fontspec.cfg
))) (C:\Users\auror\AppData\Local\Programs\MiKTeX\tex/latex/base\fix-cm.sty
Package: fix-cm 2015/01/14 v1.1t fixes to LaTeX
(C:\Users\auror\AppData\Local\Programs\MiKTeX\tex/latex/base\ts1enc.def
File: ts1enc.def 2001/06/05 v3.0e (jk/car/fm) Standard LaTeX file
LaTeX Font Info:    Redeclaring font encoding TS1 on input line 47.
))
\g__um_fam_int=\count274
\g__um_fonts_used_int=\count275
\l__um_primecount_int=\count276
\g__um_primekern_muskip=\muskip17

(C:\Users\auror\AppData\Local\Programs\MiKTeX\tex/latex/unicode-math\unicode-ma
th-table.tex))) (C:\Users\auror\AppData\Local\Programs\MiKTeX\tex/latex/upquote
\upquote.sty
Package: upquote 2012/04/19 v1.3 upright-quote and grave-accent glyphs in verba
tim
(C:\Users\auror\AppData\Local\Programs\MiKTeX\tex/latex/base\textcomp.sty
Package: textcomp 2020/02/02 v2.0n Standard LaTeX package
))
(C:\Users\auror\AppData\Local\Programs\MiKTeX\tex/latex/microtype\microtype.sty
Package: microtype 2020/12/07 v2.8 Micro-typographical refinements (RS)
(C:\Users\auror\AppData\Local\Programs\MiKTeX\tex/latex/graphics\keyval.sty
Package: keyval 2014/10/28 v1.15 key=value parser (DPC)
\KV@toks@=\toks20
)
\MT@toks=\toks21
\MT@count=\count277
LaTeX Info: Redefining \textls on input line 788.
\MT@outer@kern=\dimen151
LaTeX Info: Redefining \textmicrotypecontext on input line 1358.
\MT@listname@count=\count278

(C:\Users\auror\AppData\Local\Programs\MiKTeX\tex/latex/microtype\microtype-xet
ex.def
File: microtype-xetex.def 2020/12/07 v2.8 Definitions specific to xetex (RS)
LaTeX Info: Redefining \lsstyle on input line 254.
)
Package microtype Info: Loading configuration file microtype.cfg.

(C:\Users\auror\AppData\Local\Programs\MiKTeX\tex/latex/microtype\microtype.cfg
File: microtype.cfg 2020/12/07 v2.8 microtype main configuration file (RS)
)) (C:\Users\auror\AppData\Local\Programs\MiKTeX\tex/latex/parskip\parskip.sty
Package: parskip 2020-06-15 v2.0f non-zero parskip adjustments

(C:\Users\auror\AppData\Local\Programs\MiKTeX\tex/latex/kvoptions\kvoptions.sty
Package: kvoptions 2020-10-07 v3.14 Key value format for package options (HO)
(C:\Users\auror\AppData\Local\Programs\MiKTeX\tex/generic/ltxcmds\ltxcmds.sty
Package: ltxcmds 2020-05-10 v1.25 LaTeX kernel commands for general use (HO)
)
(C:\Users\auror\AppData\Local\Programs\MiKTeX\tex/generic/kvsetkeys\kvsetkeys.s
ty
Package: kvsetkeys 2019/12/15 v1.18 Key value parser (HO)
)) (C:\Users\auror\AppData\Local\Programs\MiKTeX\tex/latex/etoolbox\etoolbox.st
y
Package: etoolbox 2020/10/05 v2.5k e-TeX tools for LaTeX (JAW)
\etb@tempcnta=\count279
)) (C:\Users\auror\AppData\Local\Programs\MiKTeX\tex/latex/xcolor\xcolor.sty
Package: xcolor 2016/05/11 v2.12 LaTeX color extensions (UK)
(C:\Users\auror\AppData\Local\Programs\MiKTeX\tex/latex/graphics-cfg\color.cfg
File: color.cfg 2016/01/02 v1.6 sample color configuration
)
Package xcolor Info: Driver file: xetex.def on input line 225.
(C:\Users\auror\AppData\Local\Programs\MiKTeX\tex/latex/graphics-def\xetex.def
File: xetex.def 2020/08/26 v5.0i Graphics/color driver for xetex
)
Package xcolor Info: Model `cmy' substituted by `cmy0' on input line 1348.
Package xcolor Info: Model `RGB' extended on input line 1364.
Package xcolor Info: Model `HTML' substituted by `rgb' on input line 1366.
Package xcolor Info: Model `Hsb' substituted by `hsb' on input line 1367.
Package xcolor Info: Model `tHsb' substituted by `hsb' on input line 1368.
Package xcolor Info: Model `HSB' substituted by `hsb' on input line 1369.
Package xcolor Info: Model `Gray' substituted by `gray' on input line 1370.
Package xcolor Info: Model `wave' substituted by `hsb' on input line 1371.
(C:\Users\auror\AppData\Local\Programs\MiKTeX\tex/latex/graphics\dvipsnam.def
File: dvipsnam.def 2016/06/17 v3.0m Driver-dependent file (DPC,SPQR)
) (C:\Users\auror\AppData\Local\Programs\MiKTeX\tex/latex/xcolor\svgnam.def
File: svgnam.def 2016/05/11 v2.12 Predefined colors according to SVG 1.1 (UK)
) (C:\Users\auror\AppData\Local\Programs\MiKTeX\tex/latex/xcolor\x11nam.def
File: x11nam.def 2016/05/11 v2.12 Predefined colors according to Unix/X11 (UK)
)) (C:\Users\auror\AppData\Local\Programs\MiKTeX\tex/latex/xurl\xurl.sty
Package: xurl 2020/12/30 v 0.09a modify URL breaks
(C:\Users\auror\AppData\Local\Programs\MiKTeX\tex/latex/url\url.sty
\Urlmuskip=\muskip18
Package: url 2013/09/16  ver 3.4  Verb mode for urls, etc.
)) (C:\Users\auror\AppData\Local\Programs\MiKTeX\tex/latex/bookmark\bookmark.st
y
Package: bookmark 2020-11-06 v1.29 PDF bookmarks (HO)
(C:\Users\auror\AppData\Local\Programs\MiKTeX\tex/latex/hyperref\hyperref.sty
Package: hyperref 2020-05-15 v7.00e Hypertext links for LaTeX

(C:\Users\auror\AppData\Local\Programs\MiKTeX\tex/generic/pdftexcmds\pdftexcmds
.sty
Package: pdftexcmds 2020-06-27 v0.33 Utility functions of pdfTeX for LuaTeX (HO
)

(C:\Users\auror\AppData\Local\Programs\MiKTeX\tex/generic/infwarerr\infwarerr.s
ty
Package: infwarerr 2019/12/03 v1.5 Providing info/warning/error messages (HO)
)
Package pdftexcmds Info: \pdf@primitive is available.
Package pdftexcmds Info: \pdf@ifprimitive is available.
Package pdftexcmds Info: \pdfdraftmode not found.
)
(C:\Users\auror\AppData\Local\Programs\MiKTeX\tex/generic/kvdefinekeys\kvdefine
keys.sty
Package: kvdefinekeys 2019-12-19 v1.6 Define keys (HO)
)
(C:\Users\auror\AppData\Local\Programs\MiKTeX\tex/generic/pdfescape\pdfescape.s
ty
Package: pdfescape 2019/12/09 v1.15 Implements pdfTeX's escape features (HO)
) (C:\Users\auror\AppData\Local\Programs\MiKTeX\tex/latex/hycolor\hycolor.sty
Package: hycolor 2020-01-27 v1.10 Color options for hyperref/bookmark (HO)
)
(C:\Users\auror\AppData\Local\Programs\MiKTeX\tex/latex/letltxmacro\letltxmacro
.sty
Package: letltxmacro 2019/12/03 v1.6 Let assignment for LaTeX macros (HO)
) (C:\Users\auror\AppData\Local\Programs\MiKTeX\tex/latex/auxhook\auxhook.sty
Package: auxhook 2019-12-17 v1.6 Hooks for auxiliary files (HO)
)
\@linkdim=\dimen152
\Hy@linkcounter=\count280
\Hy@pagecounter=\count281
(C:\Users\auror\AppData\Local\Programs\MiKTeX\tex/latex/hyperref\pd1enc.def
File: pd1enc.def 2020-05-15 v7.00e Hyperref: PDFDocEncoding definition (HO)
) (C:\Users\auror\AppData\Local\Programs\MiKTeX\tex/generic/intcalc\intcalc.sty
Package: intcalc 2019/12/15 v1.3 Expandable calculations with integers (HO)
)
(C:\Users\auror\AppData\Local\Programs\MiKTeX\tex/generic/etexcmds\etexcmds.sty
Package: etexcmds 2019/12/15 v1.7 Avoid name clashes with e-TeX commands (HO)
)
\Hy@SavedSpaceFactor=\count282
Package hyperref Info: Option `unicode' set `true' on input line 4338.
(C:\Users\auror\AppData\Local\Programs\MiKTeX\tex/latex/hyperref\puenc.def
File: puenc.def 2020-05-15 v7.00e Hyperref: PDF Unicode definition (HO)
)
Package hyperref Info: Hyper figures OFF on input line 4464.
Package hyperref Info: Link nesting OFF on input line 4469.
Package hyperref Info: Hyper index ON on input line 4472.
Package hyperref Info: Plain pages OFF on input line 4479.
Package hyperref Info: Backreferencing OFF on input line 4484.
Package hyperref Info: Implicit mode ON; LaTeX internals redefined.
Package hyperref Info: Bookmarks ON on input line 4717.
\c@Hy@tempcnt=\count283
LaTeX Info: Redefining \url on input line 5076.
\XeTeXLinkMargin=\dimen153
(C:\Users\auror\AppData\Local\Programs\MiKTeX\tex/generic/bitset\bitset.sty
Package: bitset 2019/12/09 v1.3 Handle bit-vector datatype (HO)

(C:\Users\auror\AppData\Local\Programs\MiKTeX\tex/generic/bigintcalc\bigintcalc
.sty
Package: bigintcalc 2019/12/15 v1.5 Expandable calculations on big integers (HO
)
))
\Fld@menulength=\count284
\Field@Width=\dimen154
\Fld@charsize=\dimen155
Package hyperref Info: Hyper figures OFF on input line 6347.
Package hyperref Info: Link nesting OFF on input line 6352.
Package hyperref Info: Hyper index ON on input line 6355.
Package hyperref Info: backreferencing OFF on input line 6362.
Package hyperref Info: Link coloring OFF on input line 6367.
Package hyperref Info: Link coloring with OCG OFF on input line 6372.
Package hyperref Info: PDF/A mode OFF on input line 6377.
LaTeX Info: Redefining \ref on input line 6417.
LaTeX Info: Redefining \pageref on input line 6421.
(C:\Users\auror\AppData\Local\Programs\MiKTeX\tex/latex/base\atbegshi-ltx.sty
Package: atbegshi-ltx 2020/08/17 v1.0a Emulation of the original atbegshi packa
ge
with kernel methods
)
\Hy@abspage=\count285
\c@Item=\count286
\c@Hfootnote=\count287
)
Package hyperref Info: Driver (autodetected): hxetex.
(C:\Users\auror\AppData\Local\Programs\MiKTeX\tex/latex/hyperref\hxetex.def
File: hxetex.def 2020-05-15 v7.00e Hyperref driver for XeTeX

(C:\Users\auror\AppData\Local\Programs\MiKTeX\tex/generic/stringenc\stringenc.s
ty
Package: stringenc 2019/11/29 v1.12 Convert strings between diff. encodings (HO
)
)
\pdfm@box=\box50
\c@Hy@AnnotLevel=\count288
\HyField@AnnotCount=\count289
\Fld@listcount=\count290
\c@bookmark@seq@number=\count291

(C:\Users\auror\AppData\Local\Programs\MiKTeX\tex/latex/rerunfilecheck\rerunfil
echeck.sty
Package: rerunfilecheck 2019/12/05 v1.9 Rerun checks for auxiliary files (HO)
(C:\Users\auror\AppData\Local\Programs\MiKTeX\tex/latex/base\atveryend-ltx.sty
Package: atveryend-ltx 2020/08/19 v1.0a Emulation of the original atvery packag
e
with kernel methods
)
(C:\Users\auror\AppData\Local\Programs\MiKTeX\tex/generic/uniquecounter\uniquec
ounter.sty
Package: uniquecounter 2019/12/15 v1.4 Provide unlimited unique counter (HO)
)
Package uniquecounter Info: New unique counter `rerunfilecheck' on input line 2
86.
)
\Hy@SectionHShift=\skip52
)
(C:\Users\auror\AppData\Local\Programs\MiKTeX\tex/latex/bookmark\bkm-dvipdfm.de
f
File: bkm-dvipdfm.def 2020-11-06 v1.29 bookmark driver for dvipdfm (HO)
\BKM@id=\count292
))
Package hyperref Info: Option `colorlinks' set `true' on input line 47.
(C:\Users\auror\AppData\Local\Programs\MiKTeX\tex/latex/geometry\geometry.sty
Package: geometry 2020/01/02 v5.9 Page Geometry
(C:\Users\auror\AppData\Local\Programs\MiKTeX\tex/generic/iftex\ifvtex.sty
Package: ifvtex 2019/10/25 v1.7 ifvtex legacy package. Use iftex instead.
)
\Gm@cnth=\count293
\Gm@cntv=\count294
\c@Gm@tempcnt=\count295
\Gm@bindingoffset=\dimen156
\Gm@wd@mp=\dimen157
\Gm@odd@mp=\dimen158
\Gm@even@mp=\dimen159
\Gm@layoutwidth=\dimen160
\Gm@layoutheight=\dimen161
\Gm@layouthoffset=\dimen162
\Gm@layoutvoffset=\dimen163
\Gm@dimlist=\toks22

(C:\Users\auror\AppData\Local\Programs\MiKTeX\tex/xelatex/xetexconfig\geometry.
cfg)) (C:\Users\auror\AppData\Local\Programs\MiKTeX\tex/latex/fancyvrb\fancyvrb
.sty
Package: fancyvrb 2020/05/03 v3.6 verbatim text (tvz,hv)
\FV@CodeLineNo=\count296
\FV@InFile=\read2
\FV@TabBox=\box51
\c@FancyVerbLine=\count297
\FV@StepNumber=\count298
\FV@OutFile=\write3
) (C:\Users\auror\AppData\Local\Programs\MiKTeX\tex/latex/framed\framed.sty
Package: framed 2011/10/22 v 0.96: framed or shaded text with page breaks
\OuterFrameSep=\skip53
\fb@frw=\dimen164
\fb@frh=\dimen165
\FrameRule=\dimen166
\FrameSep=\dimen167
) (C:\Users\auror\AppData\Local\Programs\MiKTeX\tex/latex/tools\longtable.sty
Package: longtable 2020/01/07 v4.13 Multi-page Table package (DPC)
\LTleft=\skip54
\LTright=\skip55
\LTpre=\skip56
\LTpost=\skip57
\LTchunksize=\count299
\LTcapwidth=\dimen168
\LT@head=\box52
\LT@firsthead=\box53
\LT@foot=\box54
\LT@lastfoot=\box55
\LT@cols=\count300
\LT@rows=\count301
\c@LT@tables=\count302
\c@LT@chunks=\count303
\LT@p@ftn=\toks23
) (C:\Users\auror\AppData\Local\Programs\MiKTeX\tex/latex/booktabs\booktabs.sty
Package: booktabs 2020/01/12 v1.61803398 Publication quality tables
\heavyrulewidth=\dimen169
\lightrulewidth=\dimen170
\cmidrulewidth=\dimen171
\belowrulesep=\dimen172
\belowbottomsep=\dimen173
\aboverulesep=\dimen174
\abovetopsep=\dimen175
\cmidrulesep=\dimen176
\cmidrulekern=\dimen177
\defaultaddspace=\dimen178
\@cmidla=\count304
\@cmidlb=\count305
\@aboverulesep=\dimen179
\@belowrulesep=\dimen180
\@thisruleclass=\count306
\@lastruleclass=\count307
\@thisrulewidth=\dimen181
) (C:\Users\auror\AppData\Local\Programs\MiKTeX\tex/latex/tools\array.sty
Package: array 2019/08/31 v2.4l Tabular extension package (FMi)
\col@sep=\dimen182
\ar@mcellbox=\box56
\extrarowheight=\dimen183
\NC@list=\toks24
\extratabsurround=\skip58
\backup@length=\skip59
\ar@cellbox=\box57
) (C:\Users\auror\AppData\Local\Programs\MiKTeX\tex/latex/tools\calc.sty
Package: calc 2017/05/25 v4.3 Infix arithmetic (KKT,FJ)
\calc@Acount=\count308
\calc@Bcount=\count309
\calc@Adimen=\dimen184
\calc@Bdimen=\dimen185
\calc@Askip=\skip60
\calc@Bskip=\skip61
LaTeX Info: Redefining \setlength on input line 80.
LaTeX Info: Redefining \addtolength on input line 81.
\calc@Ccount=\count310
\calc@Cskip=\skip62
)
(C:\Users\auror\AppData\Local\Programs\MiKTeX\tex/latex/footnotehyper\footnoteh
yper.sty
Package: footnotehyper 2019/11/07 v1.1a hyperref aware footnote.sty (JFB)
\FNH@notes=\box58
\FNH@width=\dimen186
) (C:\Users\auror\AppData\Local\Programs\MiKTeX\tex/latex/graphics\graphicx.sty
Package: graphicx 2020/09/09 v1.2b Enhanced LaTeX Graphics (DPC,SPQR)
(C:\Users\auror\AppData\Local\Programs\MiKTeX\tex/latex/graphics\graphics.sty
Package: graphics 2020/08/30 v1.4c Standard LaTeX Graphics (DPC,SPQR)
(C:\Users\auror\AppData\Local\Programs\MiKTeX\tex/latex/graphics\trig.sty
Package: trig 2016/01/03 v1.10 sin cos tan (DPC)
)
(C:\Users\auror\AppData\Local\Programs\MiKTeX\tex/latex/graphics-cfg\graphics.c
fg
File: graphics.cfg 2016/06/04 v1.11 sample graphics configuration
)
Package graphics Info: Driver file: xetex.def on input line 105.
)
\Gin@req@height=\dimen187
\Gin@req@width=\dimen188
) (C:\Users\auror\AppData\Local\Programs\MiKTeX\tex/latex/pdfpages\pdfpages.sty
Package: pdfpages 2021/03/06 v0.5t Insert pages of external PDF documents (AM)
(C:\Users\auror\AppData\Local\Programs\MiKTeX\tex/latex/base\ifthen.sty
Package: ifthen 2014/09/29 v1.1c Standard LaTeX ifthen package (DPC)
) (C:\Users\auror\AppData\Local\Programs\MiKTeX\tex/latex/eso-pic\eso-pic.sty
Package: eso-pic 2020/10/14 v3.0a eso-pic (RN)
\ESO@tempdima=\dimen189
\ESO@tempdimb=\dimen190
)
\AM@pagewidth=\dimen191
\AM@pageheight=\dimen192
\AM@fboxrule=\dimen193
(C:\Users\auror\AppData\Local\Programs\MiKTeX\tex/latex/pdfpages\ppxetex.def
File: ppxetex.def 2021/03/06 v0.5t Pdfpages driver for XeTeX (AM)
)
\pdfpages@includegraphics@status=\count311
\AM@pagebox=\box59
\AM@global@opts=\toks25
\AM@pagecnt=\count312
\AM@toc@title=\toks26
\c@AM@survey=\count313
\AM@templatesizebox=\box60
) (C:\Users\auror\AppData\Local\Programs\MiKTeX\tex/latex/multirow\multirow.sty
Package: multirow 2021/01/02 v2.6 Span multiple rows of a table
\multirow@colwidth=\skip63
\multirow@cntb=\count314
\multirow@dima=\skip64
\bigstrutjot=\dimen194
) (C:\Users\auror\AppData\Local\Programs\MiKTeX\tex/latex/wrapfig\wrapfig.sty
\wrapoverhang=\dimen195
\WF@size=\dimen196
\c@WF@wrappedlines=\count315
\WF@box=\box61
\WF@everypar=\toks27
Package: wrapfig 2003/01/31  v 3.6
) (C:\Users\auror\AppData\Local\Programs\MiKTeX\tex/latex/float\float.sty
Package: float 2001/11/08 v1.3d Float enhancements (AL)
\c@float@type=\count316
\float@exts=\toks28
\float@box=\box62
\@float@everytoks=\toks29
\@floatcapt=\box63
) (C:\Users\auror\AppData\Local\Programs\MiKTeX\tex/latex/colortbl\colortbl.sty
Package: colortbl 2020/01/04 v1.0e Color table columns (DPC)
\everycr=\toks30
\minrowclearance=\skip65
)
(C:\Users\auror\AppData\Local\Programs\MiKTeX\tex/latex/pdflscape\pdflscape.sty
Package: pdflscape 2019/12/05 v0.12 Display of landscape pages in PDF (HO)
(C:\Users\auror\AppData\Local\Programs\MiKTeX\tex/latex/graphics\lscape.sty
Package: lscape 2020/05/28 v3.02 Landscape Pages (DPC)
)
Package pdflscape Info: Auto-detected driver: dvipdfm (xetex) on input line 98.

) (C:\Users\auror\AppData\Local\Programs\MiKTeX\tex/latex/tabu\tabu.sty
Package: tabu 2019/01/11 v2.9 - flexible LaTeX tabulars (FC+tabu-fixed)
(C:\Users\auror\AppData\Local\Programs\MiKTeX\tex/latex/varwidth\varwidth.sty
Package: varwidth 2009/03/30 ver 0.92;  Variable-width minipages
\@vwid@box=\box64
\sift@deathcycles=\count317
\@vwid@loff=\dimen197
\@vwid@roff=\dimen198
)
\c@taburow=\count318
\tabu@nbcols=\count319
\tabu@cnt=\count320
\tabu@Xcol=\count321
\tabu@alloc=\count322
\tabu@nested=\count323
\tabu@target=\dimen199
\tabu@spreadtarget=\dimen256
\tabu@naturalX=\dimen257
\tabucolX=\dimen258
\tabu@Xsum=\dimen259
\extrarowdepth=\dimen260
\abovetabulinesep=\dimen261
\belowtabulinesep=\dimen262
\tabustrutrule=\dimen263
\tabu@thebody=\toks31
\tabu@footnotes=\toks32
\tabu@box=\box65
\tabu@arstrutbox=\box66
\tabu@hleads=\box67
\tabu@vleads=\box68
\tabu@cellskip=\skip66
)
(C:\Users\auror\AppData\Local\Programs\MiKTeX\tex/latex/threeparttable\threepar
ttable.sty
Package: threeparttable 2003/06/13  v 3.0
\@tempboxb=\box69
)
(C:\Users\auror\AppData\Local\Programs\MiKTeX\tex/latex/threeparttablex\threepa
rttablex.sty
Package: threeparttablex 2013/07/23 v0.3 by daleif
(C:\Users\auror\AppData\Local\Programs\MiKTeX\tex/latex/environ\environ.sty
Package: environ 2014/05/04 v0.3 A new way to define environments

(C:\Users\auror\AppData\Local\Programs\MiKTeX\tex/latex/trimspaces\trimspaces.s
ty
Package: trimspaces 2009/09/17 v1.1 Trim spaces around a token list
))
\TPTL@width=\skip67
) (C:\Users\auror\AppData\Local\Programs\MiKTeX\tex/latex/ulem\ulem.sty
\UL@box=\box70
\UL@hyphenbox=\box71
\UL@skip=\skip68
\UL@hook=\toks33
\UL@height=\dimen264
\UL@pe=\count324
\UL@pixel=\dimen265
\ULC@box=\box72
Package: ulem 2019/11/18
\ULdepth=\dimen266
) (C:\Users\auror\AppData\Local\Programs\MiKTeX\tex/latex/makecell\makecell.sty
Package: makecell 2009/08/03 V0.1e Managing of Tab Column Heads and Cells
\rotheadsize=\dimen267
\c@nlinenum=\count325
\TeXr@lab=\toks34
) (C:\Users\auror\AppData\Local\Programs\MiKTeX\tex/latex/natbib\natbib.sty
Package: natbib 2010/09/13 8.31b (PWD, AO)
\bibhang=\skip69
\bibsep=\skip70
LaTeX Info: Redefining \cite on input line 694.
\c@NAT@ctr=\count326
) (_main.aux

LaTeX Warning: Label `tab:my-table' multiply defined.


LaTeX Warning: Label `tab:my-table' multiply defined.

)
\openout1 = `_main.aux'.

LaTeX Font Info:    Checking defaults for OML/cmm/m/it on input line 142.
LaTeX Font Info:    ... okay on input line 142.
LaTeX Font Info:    Checking defaults for OMS/cmsy/m/n on input line 142.
LaTeX Font Info:    ... okay on input line 142.
LaTeX Font Info:    Checking defaults for OT1/cmr/m/n on input line 142.
LaTeX Font Info:    ... okay on input line 142.
LaTeX Font Info:    Checking defaults for T1/cmr/m/n on input line 142.
LaTeX Font Info:    ... okay on input line 142.
LaTeX Font Info:    Checking defaults for TS1/cmr/m/n on input line 142.
LaTeX Font Info:    ... okay on input line 142.
LaTeX Font Info:    Checking defaults for TU/lmr/m/n on input line 142.
LaTeX Font Info:    ... okay on input line 142.
LaTeX Font Info:    Checking defaults for OMX/cmex/m/n on input line 142.
LaTeX Font Info:    ... okay on input line 142.
LaTeX Font Info:    Checking defaults for U/cmr/m/n on input line 142.
LaTeX Font Info:    ... okay on input line 142.
LaTeX Font Info:    Checking defaults for PD1/pdf/m/n on input line 142.
LaTeX Font Info:    ... okay on input line 142.
LaTeX Font Info:    Checking defaults for PU/pdf/m/n on input line 142.
LaTeX Font Info:    ... okay on input line 142.
LaTeX Font Info:    Overwriting math alphabet `\mathrm' in version `normal'
(Font)                  OT1/lmr/m/n --> TU/lmr/m/n on input line 142.
LaTeX Font Info:    Overwriting math alphabet `\mathit' in version `normal'
(Font)                  OT1/lmr/m/it --> TU/lmr/m/it on input line 142.
LaTeX Font Info:    Overwriting math alphabet `\mathbf' in version `normal'
(Font)                  OT1/lmr/bx/n --> TU/lmr/bx/n on input line 142.
LaTeX Font Info:    Overwriting math alphabet `\mathsf' in version `normal'
(Font)                  OT1/lmss/m/n --> TU/lmss/m/n on input line 142.
LaTeX Font Info:    Overwriting math alphabet `\mathsf' in version `bold'
(Font)                  OT1/lmss/bx/n --> TU/lmss/bx/n on input line 142.
LaTeX Font Info:    Overwriting math alphabet `\mathtt' in version `normal'
(Font)                  OT1/lmtt/m/n --> TU/lmtt/m/n on input line 142.
LaTeX Font Info:    Overwriting math alphabet `\mathtt' in version `bold'
(Font)                  OT1/lmtt/m/n --> TU/lmtt/bx/n on input line 142.

Package fontspec Info: latinmodern-math scale = 0.9999964596882403.


Package fontspec Info: latinmodern-math scale = 0.9999964596882403.


Package fontspec Info: latinmodern-math scale = 0.9999964596882403.


Package fontspec Info: Font family 'latinmodern-math.otf(0)' created for font
(fontspec)             'latinmodern-math.otf' with options
(fontspec)             [Scale=MatchLowercase,BoldItalicFont={},ItalicFont={},Sm
allCapsFont={},Script=Math,BoldFont={latinmodern-math.otf}].
(fontspec)              
(fontspec)              This font family consists of the following NFSS
(fontspec)             series/shapes:
(fontspec)              
(fontspec)             - 'normal' (m/n) with NFSS spec.:
(fontspec)             <->s*[0.9999964596882403]"[latinmodern-math.otf]/OT:scri
pt=math;language=dflt;"
(fontspec)             - 'small caps'  (m/sc) with NFSS spec.: 
(fontspec)             - 'bold' (b/n) with NFSS spec.:
(fontspec)             <->s*[0.9999964596882403]"[latinmodern-math.otf]/OT:scri
pt=math;language=dflt;"
(fontspec)             - 'bold small caps'  (b/sc) with NFSS spec.: 

LaTeX Font Info:    Font shape `TU/latinmodern-math.otf(0)/m/n' will be
(Font)              scaled to size 10.0pt on input line 142.

Package fontspec Info: latinmodern-math scale = 0.9999964596882403.


Package fontspec Info: latinmodern-math scale = 0.9999964596882403.


Package fontspec Info: latinmodern-math scale = 0.9999964596882403.


Package fontspec Info: latinmodern-math scale = 0.9999964596882403.


Package fontspec Info: latinmodern-math scale = 0.9999964596882403.


Package fontspec Info: Font family 'latinmodern-math.otf(1)' created for font
(fontspec)             'latinmodern-math.otf' with options
(fontspec)             [Scale=MatchLowercase,BoldItalicFont={},ItalicFont={},Sm
allCapsFont={},Script=Math,SizeFeatures={{Size=8.5-},{Size=6-8.5,Font=latinmode
rn-math.otf,Style=MathScript},{Size=-6,Font=latinmodern-math.otf,Style=MathScri
ptScript}},BoldFont={latinmodern-math.otf}].
(fontspec)              
(fontspec)              This font family consists of the following NFSS
(fontspec)             series/shapes:
(fontspec)              
(fontspec)             - 'normal' (m/n) with NFSS spec.:
(fontspec)             <8.5->s*[0.9999964596882403]"[latinmodern-math.otf]/OT:s
cript=math;language=dflt;"<6-8.5>s*[0.9999964596882403]"[latinmodern-math.otf]/
OT:script=math;language=dflt;+ssty=0;"<-6>s*[0.9999964596882403]"[latinmodern-m
ath.otf]/OT:script=math;language=dflt;+ssty=1;"
(fontspec)             - 'small caps'  (m/sc) with NFSS spec.: 
(fontspec)             - 'bold' (b/n) with NFSS spec.:
(fontspec)             <->s*[0.9999964596882403]"[latinmodern-math.otf]/OT:scri
pt=math;language=dflt;"
(fontspec)             - 'bold small caps'  (b/sc) with NFSS spec.: 

LaTeX Font Info:    Font shape `TU/latinmodern-math.otf(1)/m/n' will be
(Font)              scaled to size 10.0pt on input line 142.
LaTeX Font Info:    Encoding `OT1' has changed to `TU' for symbol font
(Font)              `operators' in the math version `normal' on input line 142.

LaTeX Font Info:    Overwriting symbol font `operators' in version `normal'
(Font)                  OT1/lmr/m/n --> TU/latinmodern-math.otf(1)/m/n on input
 line 142.
LaTeX Font Info:    Encoding `OT1' has changed to `TU' for symbol font
(Font)              `operators' in the math version `bold' on input line 142.
LaTeX Font Info:    Overwriting symbol font `operators' in version `bold'
(Font)                  OT1/lmr/bx/n --> TU/latinmodern-math.otf(1)/b/n on inpu
t line 142.

Package fontspec Info: latinmodern-math scale = 0.9999964596882403.


Package fontspec Info: latinmodern-math scale = 1.000096459334209.


Package fontspec Info: latinmodern-math scale = 0.9999964596882403.


Package fontspec Info: latinmodern-math scale = 1.000096459334209.


Package fontspec Info: latinmodern-math scale = 0.9999964596882403.


Package fontspec Info: latinmodern-math scale = 1.000096459334209.


Package fontspec Info: latinmodern-math scale = 0.9999964596882403.


Package fontspec Info: latinmodern-math scale = 1.000096459334209.


Package fontspec Info: latinmodern-math scale = 0.9999964596882403.


Package fontspec Info: latinmodern-math scale = 1.000096459334209.


Package fontspec Info: Font family 'latinmodern-math.otf(2)' created for font
(fontspec)             'latinmodern-math.otf' with options
(fontspec)             [Scale=MatchLowercase,BoldItalicFont={},ItalicFont={},Sm
allCapsFont={},Script=Math,SizeFeatures={{Size=8.5-},{Size=6-8.5,Font=latinmode
rn-math.otf,Style=MathScript},{Size=-6,Font=latinmodern-math.otf,Style=MathScri
ptScript}},BoldFont={latinmodern-math.otf},ScaleAgain=1.0001,FontAdjustment={\f
ontdimen
(fontspec)             8\font =6.77pt\relax \fontdimen 9\font =3.94pt\relax
(fontspec)             \fontdimen 10\font =4.44pt\relax \fontdimen 11\font
(fontspec)             =6.86pt\relax \fontdimen 12\font =3.45pt\relax
(fontspec)             \fontdimen 13\font =3.63pt\relax \fontdimen 14\font
(fontspec)             =3.63pt\relax \fontdimen 15\font =2.89pt\relax
(fontspec)             \fontdimen 16\font =2.47pt\relax \fontdimen 17\font
(fontspec)             =2.47pt\relax \fontdimen 18\font =2.5pt\relax
(fontspec)             \fontdimen 19\font =2.0pt\relax \fontdimen 22\font
(fontspec)             =2.5pt\relax \fontdimen 20\font =0pt\relax \fontdimen
(fontspec)             21\font =0pt\relax }].
(fontspec)              
(fontspec)              This font family consists of the following NFSS
(fontspec)             series/shapes:
(fontspec)              
(fontspec)             - 'normal' (m/n) with NFSS spec.:
(fontspec)             <8.5->s*[1.000096459334209]"[latinmodern-math.otf]/OT:sc
ript=math;language=dflt;"<6-8.5>s*[1.000096459334209]"[latinmodern-math.otf]/OT
:script=math;language=dflt;+ssty=0;"<-6>s*[1.000096459334209]"[latinmodern-math
.otf]/OT:script=math;language=dflt;+ssty=1;"
(fontspec)             - 'small caps'  (m/sc) with NFSS spec.: 
(fontspec)             and font adjustment code:
(fontspec)             \fontdimen 8\font =6.77pt\relax \fontdimen 9\font
(fontspec)             =3.94pt\relax \fontdimen 10\font =4.44pt\relax
(fontspec)             \fontdimen 11\font =6.86pt\relax \fontdimen 12\font
(fontspec)             =3.45pt\relax \fontdimen 13\font =3.63pt\relax
(fontspec)             \fontdimen 14\font =3.63pt\relax \fontdimen 15\font
(fontspec)             =2.89pt\relax \fontdimen 16\font =2.47pt\relax
(fontspec)             \fontdimen 17\font =2.47pt\relax \fontdimen 18\font
(fontspec)             =2.5pt\relax \fontdimen 19\font =2.0pt\relax \fontdimen
(fontspec)             22\font =2.5pt\relax \fontdimen 20\font =0pt\relax
(fontspec)             \fontdimen 21\font =0pt\relax 
(fontspec)             - 'bold' (b/n) with NFSS spec.:
(fontspec)             <->s*[1.000096459334209]"[latinmodern-math.otf]/OT:scrip
t=math;language=dflt;"
(fontspec)             - 'bold small caps'  (b/sc) with NFSS spec.: 
(fontspec)             and font adjustment code:
(fontspec)             \fontdimen 8\font =6.77pt\relax \fontdimen 9\font
(fontspec)             =3.94pt\relax \fontdimen 10\font =4.44pt\relax
(fontspec)             \fontdimen 11\font =6.86pt\relax \fontdimen 12\font
(fontspec)             =3.45pt\relax \fontdimen 13\font =3.63pt\relax
(fontspec)             \fontdimen 14\font =3.63pt\relax \fontdimen 15\font
(fontspec)             =2.89pt\relax \fontdimen 16\font =2.47pt\relax
(fontspec)             \fontdimen 17\font =2.47pt\relax \fontdimen 18\font
(fontspec)             =2.5pt\relax \fontdimen 19\font =2.0pt\relax \fontdimen
(fontspec)             22\font =2.5pt\relax \fontdimen 20\font =0pt\relax
(fontspec)             \fontdimen 21\font =0pt\relax 

LaTeX Font Info:    Encoding `OMS' has changed to `TU' for symbol font
(Font)              `symbols' in the math version `normal' on input line 142.
LaTeX Font Info:    Overwriting symbol font `symbols' in version `normal'
(Font)                  OMS/lmsy/m/n --> TU/latinmodern-math.otf(2)/m/n on inpu
t line 142.
LaTeX Font Info:    Encoding `OMS' has changed to `TU' for symbol font
(Font)              `symbols' in the math version `bold' on input line 142.
LaTeX Font Info:    Overwriting symbol font `symbols' in version `bold'
(Font)                  OMS/lmsy/b/n --> TU/latinmodern-math.otf(2)/b/n on inpu
t line 142.

Package fontspec Info: latinmodern-math scale = 0.9999964596882403.


Package fontspec Info: latinmodern-math scale = 0.9998964600422715.


Package fontspec Info: latinmodern-math scale = 0.9999964596882403.


Package fontspec Info: latinmodern-math scale = 0.9998964600422715.


Package fontspec Info: latinmodern-math scale = 0.9999964596882403.


Package fontspec Info: latinmodern-math scale = 0.9998964600422715.


Package fontspec Info: latinmodern-math scale = 0.9999964596882403.


Package fontspec Info: latinmodern-math scale = 0.9998964600422715.


Package fontspec Info: latinmodern-math scale = 0.9999964596882403.


Package fontspec Info: latinmodern-math scale = 0.9998964600422715.


Package fontspec Info: Font family 'latinmodern-math.otf(3)' created for font
(fontspec)             'latinmodern-math.otf' with options
(fontspec)             [Scale=MatchLowercase,BoldItalicFont={},ItalicFont={},Sm
allCapsFont={},Script=Math,SizeFeatures={{Size=8.5-},{Size=6-8.5,Font=latinmode
rn-math.otf,Style=MathScript},{Size=-6,Font=latinmodern-math.otf,Style=MathScri
ptScript}},BoldFont={latinmodern-math.otf},ScaleAgain=0.9999,FontAdjustment={\f
ontdimen
(fontspec)             8\font =0.4pt\relax \fontdimen 9\font =2.0pt\relax
(fontspec)             \fontdimen 10\font =1.67pt\relax \fontdimen 11\font
(fontspec)             =1.11pt\relax \fontdimen 12\font =6.0pt\relax
(fontspec)             \fontdimen 13\font =0pt\relax }].
(fontspec)              
(fontspec)              This font family consists of the following NFSS
(fontspec)             series/shapes:
(fontspec)              
(fontspec)             - 'normal' (m/n) with NFSS spec.:
(fontspec)             <8.5->s*[0.9998964600422715]"[latinmodern-math.otf]/OT:s
cript=math;language=dflt;"<6-8.5>s*[0.9998964600422715]"[latinmodern-math.otf]/
OT:script=math;language=dflt;+ssty=0;"<-6>s*[0.9998964600422715]"[latinmodern-m
ath.otf]/OT:script=math;language=dflt;+ssty=1;"
(fontspec)             - 'small caps'  (m/sc) with NFSS spec.: 
(fontspec)             and font adjustment code:
(fontspec)             \fontdimen 8\font =0.4pt\relax \fontdimen 9\font
(fontspec)             =2.0pt\relax \fontdimen 10\font =1.67pt\relax
(fontspec)             \fontdimen 11\font =1.11pt\relax \fontdimen 12\font
(fontspec)             =6.0pt\relax \fontdimen 13\font =0pt\relax 
(fontspec)             - 'bold' (b/n) with NFSS spec.:
(fontspec)             <->s*[0.9998964600422715]"[latinmodern-math.otf]/OT:scri
pt=math;language=dflt;"
(fontspec)             - 'bold small caps'  (b/sc) with NFSS spec.: 
(fontspec)             and font adjustment code:
(fontspec)             \fontdimen 8\font =0.4pt\relax \fontdimen 9\font
(fontspec)             =2.0pt\relax \fontdimen 10\font =1.67pt\relax
(fontspec)             \fontdimen 11\font =1.11pt\relax \fontdimen 12\font
(fontspec)             =6.0pt\relax \fontdimen 13\font =0pt\relax 

LaTeX Font Info:    Encoding `OMX' has changed to `TU' for symbol font
(Font)              `largesymbols' in the math version `normal' on input line 1
42.
LaTeX Font Info:    Overwriting symbol font `largesymbols' in version `normal'
(Font)                  OMX/lmex/m/n --> TU/latinmodern-math.otf(3)/m/n on inpu
t line 142.
LaTeX Font Info:    Encoding `OMX' has changed to `TU' for symbol font
(Font)              `largesymbols' in the math version `bold' on input line 142
.
LaTeX Font Info:    Overwriting symbol font `largesymbols' in version `bold'
(Font)                  OMX/lmex/m/n --> TU/latinmodern-math.otf(3)/b/n on inpu
t line 142.
LaTeX Info: Redefining \microtypecontext on input line 142.
Package microtype Info: Character protrusion enabled (level 2).
Package microtype Info: Using protrusion set `basicmath'.
Package microtype Info: No adjustment of tracking.
Package microtype Info: No adjustment of spacing.
Package microtype Info: No adjustment of kerning.

(C:\Users\auror\AppData\Local\Programs\MiKTeX\tex/latex/microtype\mt-LatinModer
nRoman.cfg
File: mt-LatinModernRoman.cfg 2013/03/13 v1.0 microtype config. file: Latin Mod
ern Roman (RS)
)
Package hyperref Info: Link coloring ON on input line 142.
(C:\Users\auror\AppData\Local\Programs\MiKTeX\tex/latex/hyperref\nameref.sty
Package: nameref 2019/09/16 v2.46 Cross-referencing by name of section
(C:\Users\auror\AppData\Local\Programs\MiKTeX\tex/latex/refcount\refcount.sty
Package: refcount 2019/12/15 v3.6 Data extraction from label references (HO)
)
(C:\Users\auror\AppData\Local\Programs\MiKTeX\tex/generic/gettitlestring\gettit
lestring.sty
Package: gettitlestring 2019/12/15 v1.6 Cleanup title references (HO)
)
\c@section@level=\count327
)
LaTeX Info: Redefining \ref on input line 142.
LaTeX Info: Redefining \pageref on input line 142.
LaTeX Info: Redefining \nameref on input line 142.
*geometry* detected driver: pdftex
*geometry* verbose mode - [ preamble ] result:
* driver: pdftex
* paper: a4paper
* layout: <same size as paper>
* layoutoffset:(h,v)=(0.0pt,0.0pt)
* modes: twoside 
* h-part:(L,W,R)=(85.35826pt, 426.79135pt, 85.35826pt)
* v-part:(T,H,B)=(85.35826pt, 674.33032pt, 85.35826pt)
* \paperwidth=597.50787pt
* \paperheight=845.04684pt
* \textwidth=426.79135pt
* \textheight=674.33032pt
* \oddsidemargin=13.08827pt
* \evensidemargin=13.08827pt
* \topmargin=-16.97922pt
* \headheight=12.0pt
* \headsep=18.06749pt
* \topskip=10.0pt
* \footskip=25.29494pt
* \marginparwidth=125.0pt
* \marginparsep=7.0pt
* \columnsep=10.0pt
* \skip\footins=9.0pt plus 4.0pt minus 2.0pt
* \hoffset=0.0pt
* \voffset=0.0pt
* \mag=1000
* \@twocolumnfalse
* \@twosidetrue
* \@mparswitchtrue
* \@reversemarginfalse
* (1in=72.27pt=25.4mm, 1cm=28.453pt)

File: first_page.pdf Graphic file (type pdf)
<use first_page.pdf>
File: first_page.pdf Graphic file (type pdf)
<use first_page.pdf>
File: first_page.pdf Graphic file (type pdf)
<use first_page.pdf, page 1>
File: first_page.pdf Graphic file (type pdf)
<use first_page.pdf, page 1>
File: first_page.pdf Graphic file (type pdf)
<use first_page.pdf, page 1>
File: first_page.pdf Graphic file (type pdf)
<use first_page.pdf, page 1>
File: first_page.pdf Graphic file (type pdf)
<use first_page.pdf, page 1>
[1

] (_main.toc
LaTeX Font Info:    Font shape `TU/latinmodern-math.otf(1)/m/n' will be
(Font)              scaled to size 7.0pt on input line 3.
LaTeX Font Info:    Font shape `TU/latinmodern-math.otf(1)/m/n' will be
(Font)              scaled to size 5.0pt on input line 3.
LaTeX Font Info:    Trying to load font information for OML+lmm on input line 3
.
(C:\Users\auror\AppData\Local\Programs\MiKTeX\tex/latex/lm\omllmm.fd
File: omllmm.fd 2009/10/30 v1.6 Font defs for Latin Modern
)
LaTeX Font Info:    Font shape `TU/latinmodern-math.otf(2)/m/n' will be
(Font)              scaled to size 10.00092pt on input line 3.
LaTeX Font Info:    Font shape `TU/latinmodern-math.otf(2)/m/n' will be
(Font)              scaled to size 7.00064pt on input line 3.
LaTeX Font Info:    Font shape `TU/latinmodern-math.otf(2)/m/n' will be
(Font)              scaled to size 5.00046pt on input line 3.
LaTeX Font Info:    Font shape `TU/latinmodern-math.otf(3)/m/n' will be
(Font)              scaled to size 9.99893pt on input line 3.
LaTeX Font Info:    Font shape `TU/latinmodern-math.otf(3)/m/n' will be
(Font)              scaled to size 6.99925pt on input line 3.
LaTeX Font Info:    Font shape `TU/latinmodern-math.otf(3)/m/n' will be
(Font)              scaled to size 4.99947pt on input line 3.
LaTeX Font Info:    Trying to load font information for U+msa on input line 3.
(C:\Users\auror\AppData\Local\Programs\MiKTeX\tex/latex/amsfonts\umsa.fd
File: umsa.fd 2013/01/14 v3.01 AMS symbols A
) (C:\Users\auror\AppData\Local\Programs\MiKTeX\tex/latex/microtype\mt-msa.cfg
File: mt-msa.cfg 2006/02/04 v1.1 microtype config. file: AMS symbols (a) (RS)
)
LaTeX Font Info:    Trying to load font information for U+msb on input line 3.
(C:\Users\auror\AppData\Local\Programs\MiKTeX\tex/latex/amsfonts\umsb.fd
File: umsb.fd 2013/01/14 v3.01 AMS symbols B
) (C:\Users\auror\AppData\Local\Programs\MiKTeX\tex/latex/microtype\mt-msb.cfg
File: mt-msb.cfg 2005/06/01 v1.0 microtype config. file: AMS symbols (b) (RS)
) [2

] [3])
\tf@toc=\write4
\openout4 = `_main.toc'.

[4] [5

]
Chapter 1.
Missing character: There is no 💡 in font [lmroman10-regular]:mapping=tex-text;!
Missing character: There is no 💡 in font [lmroman10-regular]:mapping=tex-text;!
Missing character: There is no 💡 in font [lmroman10-regular]:mapping=tex-text;!
Missing character: There is no 💡 in font [lmroman10-regular]:mapping=tex-text;!
Missing character: There is no 💡 in font [lmroman10-regular]:mapping=tex-text;!
Missing character: There is no 💡 in font [lmroman10-regular]:mapping=tex-text;!
Missing character: There is no 💡 in font [lmroman10-regular]:mapping=tex-text;!
[6

]
File: images/01-Introduction/Untitled.png Graphic file (type bmp)
<images/01-Introduction/Untitled.png>

Underfull \vbox (badness 1609) has occurred while \output is active []

[7]
Missing character: There is no 💡 in font [lmroman10-regular]:mapping=tex-text;!
Missing character: There is no 💡 in font [lmroman10-regular]:mapping=tex-text;!
Missing character: There is no 💡 in font [lmroman10-regular]:mapping=tex-text;!
Missing character: There is no 💡 in font [lmroman10-regular]:mapping=tex-text;!
[8]
Missing character: There is no 💡 in font [lmroman10-regular]:mapping=tex-text;!
[9]
Chapter 2.
File: _main_files/figure-latex/unnamed-chunk-2-1.pdf Graphic file (type pdf)
<use _main_files/figure-latex/unnamed-chunk-2-1.pdf>

LaTeX Warning: `h' float specifier changed to `ht'.


Overfull \hbox (18.67865pt too wide) in paragraph at lines 352--363
 [][] 
 []


LaTeX Warning: `!h' float specifier changed to `!ht'.

[10

]
File: _main_files/figure-latex/unnamed-chunk-3-1.pdf Graphic file (type pdf)
<use _main_files/figure-latex/unnamed-chunk-3-1.pdf>

Overfull \hbox (44.71867pt too wide) in paragraph at lines 384--398
 [][] 
 []


Underfull \vbox (badness 3333) has occurred while \output is active []

[11]
Missing character: There is no 💡 in font [lmroman10-regular]:mapping=tex-text;!
Missing character: There is no 💡 in font [lmroman10-regular]:mapping=tex-text;!
[12]
Missing character: There is no 💡 in font [lmroman10-regular]:mapping=tex-text;!
Missing character: There is no 💡 in font [lmroman10-regular]:mapping=tex-text;!
Missing character: There is no 💡 in font [lmroman10-regular]:mapping=tex-text;!
Missing character: There is no 💡 in font [lmroman10-regular]:mapping=tex-text;!
File: images/02-Basic Measures/Untitled.png Graphic file (type bmp)
<images/02-Basic Measures/Untitled.png>

LaTeX Warning: `!h' float specifier changed to `!ht'.

[13]
Missing character: There is no 💡 in font [lmroman10-regular]:mapping=tex-text;!
Missing character: There is no 💡 in font [lmroman10-regular]:mapping=tex-text;!
Missing character: There is no 💡 in font [lmroman10-italic]:mapping=tex-text;!
[14] [15]
Chapter 3.
Missing character: There is no ⚛ in font [lmroman10-regular]:mapping=tex-text;!
Missing character: There is no ️ in font [lmroman10-regular]:mapping=tex-text;!
File: _main_files/figure-latex/unnamed-chunk-5-1.pdf Graphic file (type pdf)
<use _main_files/figure-latex/unnamed-chunk-5-1.pdf>
Missing character: There is no ⚛ in font [lmroman10-regular]:mapping=tex-text;!
Missing character: There is no ️ in font [lmroman10-regular]:mapping=tex-text;!
Missing character: There is no ⚛ in font [lmroman10-regular]:mapping=tex-text;!
Missing character: There is no ️ in font [lmroman10-regular]:mapping=tex-text;!
File: _main_files/figure-latex/unnamed-chunk-6-1.pdf Graphic file (type pdf)
<use _main_files/figure-latex/unnamed-chunk-6-1.pdf>
[16

] [17]
Missing character: There is no ⚛ in font [lmroman10-regular]:mapping=tex-text;!
Missing character: There is no ️ in font [lmroman10-regular]:mapping=tex-text;!
Missing character: There is no ⚛ in font [lmroman10-regular]:mapping=tex-text;!
Missing character: There is no ️ in font [lmroman10-regular]:mapping=tex-text;!
File: images/03-Cohesion measures/Untitled 2.png Graphic file (type bmp)
<images/03-Cohesion measures/Untitled 2.png>
File: images/03-Cohesion measures/Untitled 3.png Graphic file (type bmp)
<images/03-Cohesion measures/Untitled 3.png>
Missing character: There is no ⚛ in font [lmroman10-regular]:mapping=tex-text;!
Missing character: There is no ️ in font [lmroman10-regular]:mapping=tex-text;!
[18]
Missing character: There is no ⚛ in font [lmroman10-regular]:mapping=tex-text;!
Missing character: There is no ️ in font [lmroman10-regular]:mapping=tex-text;!
Missing character: There is no 💡 in font [lmroman10-regular]:mapping=tex-text;!
[19] [20]
Chapter 4.
File: images/04-Centrality/Untitled.png Graphic file (type bmp)
<images/04-Centrality/Untitled.png>
File: images/04-Centrality/Untitled 1.png Graphic file (type bmp)
<images/04-Centrality/Untitled 1.png>
[21

] [22]
File: images/04-Centrality/Untitled 3.png Graphic file (type bmp)
<images/04-Centrality/Untitled 3.png>
[23]
File: images/04-Centrality/Untitled 4.png Graphic file (type bmp)
<images/04-Centrality/Untitled 4.png>

LaTeX Warning: `!h' float specifier changed to `!ht'.

[24] [25]
File: images/04-Centrality/Untitled 5.png Graphic file (type bmp)
<images/04-Centrality/Untitled 5.png>
Missing character: There is no 💡 in font [lmroman10-regular]:mapping=tex-text;!
File: images/04-Centrality/Untitled 6.png Graphic file (type bmp)
<images/04-Centrality/Untitled 6.png>

LaTeX Warning: `!h' float specifier changed to `!ht'.

[26] [27] [28]
Chapter 5.
File: images/05-Matrices and Beta centrality/Untitled.png Graphic file (type bm
p)
<images/05-Matrices and Beta centrality/Untitled.png>
File: images/05-Matrices and Beta centrality/Untitled 2.png Graphic file (type 
bmp)
<images/05-Matrices and Beta centrality/Untitled 2.png>

LaTeX Warning: `!h' float specifier changed to `!ht'.

[29

]
File: images/05-Matrices and Beta centrality/Untitled 3.png Graphic file (type 
bmp)
<images/05-Matrices and Beta centrality/Untitled 3.png>
File: images/05-Matrices and Beta centrality/Untitled 4.png Graphic file (type 
bmp)
<images/05-Matrices and Beta centrality/Untitled 4.png>

LaTeX Warning: `!h' float specifier changed to `!ht'.

[30]
Missing character: There is no 𝛽 in font [lmroman10-regular]:mapping=tex-text;!

LaTeX Warning: `h' float specifier changed to `ht'.

Missing character: There is no 𝛽 in font [lmroman10-regular]:mapping=tex-text;!

LaTeX Warning: `h' float specifier changed to `ht'.

[31]
File: _main_files/figure-latex/unnamed-chunk-32-1.pdf Graphic file (type pdf)
<use _main_files/figure-latex/unnamed-chunk-32-1.pdf>
[32]
File: _main_files/figure-latex/unnamed-chunk-34-1.pdf Graphic file (type pdf)
<use _main_files/figure-latex/unnamed-chunk-34-1.pdf>

Underfull \vbox (badness 10000) has occurred while \output is active []

[33] [34]
Overfull \hbox (3.70865pt too wide) in paragraph at lines 1496--1496
[]\TU/lmtt/m/n/10 ##         a         b         c         d         e         
f         g         h[] 
 []


Overfull \hbox (3.70865pt too wide) in paragraph at lines 1496--1496
[]\TU/lmtt/m/n/10 ## 0.0408331 0.0408331 0.0408331 0.2293779 0.0408331 0.040833
1 0.0408331 0.2293779[] 
 []

[35]
Chapter 6.
Missing character: There is no 💡 in font [lmroman10-regular]:mapping=tex-text;!
File: images/06-Attributes based measures/Untitled.png Graphic file (type bmp)
<images/06-Attributes based measures/Untitled.png>
File: images/06-Attributes based measures/Untitled 1.png Graphic file (type bmp
)
<images/06-Attributes based measures/Untitled 1.png>
File: images/06-Attributes based measures/08-graph.png Graphic file (type bmp)
<images/06-Attributes based measures/08-graph.png>

LaTeX Warning: `!h' float specifier changed to `!ht'.


LaTeX Warning: No positions in optional float specifier.
               Default added (so using `tbp') on input line 1541.

[36

]
Missing character: There is no 💡 in font [lmroman10-regular]:mapping=tex-text;!
File: images/06-Attributes based measures/Untitled 2.png Graphic file (type bmp
)
<images/06-Attributes based measures/Untitled 2.png>
File: images/06-Attributes based measures/Untitled 3.png Graphic file (type bmp
)
<images/06-Attributes based measures/Untitled 3.png>

LaTeX Warning: `!h' float specifier changed to `!ht'.

[37]
File: images/06-Attributes based measures/Untitled 4.png Graphic file (type bmp
)
<images/06-Attributes based measures/Untitled 4.png>
Missing character: There is no 💡 in font [lmroman10-regular]:mapping=tex-text;!
[38]
File: images/06-Attributes based measures/Untitled 5.png Graphic file (type bmp
)
<images/06-Attributes based measures/Untitled 5.png>
File: images/06-Attributes based measures/Untitled 6.png Graphic file (type bmp
)
<images/06-Attributes based measures/Untitled 6.png>
Missing character: There is no 💡 in font [lmroman10-regular]:mapping=tex-text;!
[39]
Chapter 7.
[40

]
Missing character: There is no 💡 in font [lmroman10-regular]:mapping=tex-text;!
File: images/07-Triads and structural holes/Untitled.png Graphic file (type bmp
)
<images/07-Triads and structural holes/Untitled.png>
Missing character: There is no 💁 in font [lmroman10-regular]:mapping=tex-text;!
Missing character: There is no ️ in font [lmroman10-regular]:mapping=tex-text;!
File: images/07-Triads and structural holes/Untitled 1.png Graphic file (type b
mp)
<images/07-Triads and structural holes/Untitled 1.png>

LaTeX Warning: `!h' float specifier changed to `!ht'.

[41]
Missing character: There is no 💡 in font [lmroman10-regular]:mapping=tex-text;!
File: images/07-Triads and structural holes/Untitled 2.png Graphic file (type b
mp)
<images/07-Triads and structural holes/Untitled 2.png>
[42]
Missing character: There is no 💡 in font [lmroman10-regular]:mapping=tex-text;!
File: images/07-Triads and structural holes/Untitled 3.png Graphic file (type b
mp)
<images/07-Triads and structural holes/Untitled 3.png>
[43]
File: images/07-Triads and structural holes/Untitled 4.png Graphic file (type b
mp)
<images/07-Triads and structural holes/Untitled 4.png>
File: _main_files/figure-latex/unnamed-chunk-48-1.pdf Graphic file (type pdf)
<use _main_files/figure-latex/unnamed-chunk-48-1.pdf>
Missing character: There is no 💡 in font [lmroman10-regular]:mapping=tex-text;!
[44] [45]
Chapter 8.
File: _main_files/figure-latex/unnamed-chunk-49-1.pdf Graphic file (type pdf)
<use _main_files/figure-latex/unnamed-chunk-49-1.pdf>
Missing character: There is no 💡 in font [lmroman10-regular]:mapping=tex-text;!
Missing character: There is no 💡 in font [lmroman10-regular]:mapping=tex-text;!
[46

]
Missing character: There is no 💡 in font [lmroman10-regular]:mapping=tex-text;!
Missing character: There is no 💡 in font [lmroman10-regular]:mapping=tex-text;!
Missing character: There is no 💡 in font [lmroman10-regular]:mapping=tex-text;!
Missing character: There is no 💡 in font [lmroman10-regular]:mapping=tex-text;!
[47]
File: images/08-Metrics for structural holes/Untitled.png Graphic file (type bm
p)
<images/08-Metrics for structural holes/Untitled.png>
File: images/08-Metrics for structural holes/Untitled 1.png Graphic file (type 
bmp)
<images/08-Metrics for structural holes/Untitled 1.png>
[48]
File: images/08-Metrics for structural holes/Untitled 2.png Graphic file (type 
bmp)
<images/08-Metrics for structural holes/Untitled 2.png>
File: images/08-Metrics for structural holes/Untitled 3.png Graphic file (type 
bmp)
<images/08-Metrics for structural holes/Untitled 3.png>
[49]
Missing character: There is no 💡 in font [lmroman10-regular]:mapping=tex-text;!
File: images/08-Metrics for structural holes/Untitled 4.png Graphic file (type 
bmp)
<images/08-Metrics for structural holes/Untitled 4.png>
File: images/08-Metrics for structural holes/Untitled 5.png Graphic file (type 
bmp)
<images/08-Metrics for structural holes/Untitled 5.png>
[50]
File: images/08-Metrics for structural holes/Untitled 6.png Graphic file (type 
bmp)
<images/08-Metrics for structural holes/Untitled 6.png>
Missing character: There is no 💡 in font [lmroman10-regular]:mapping=tex-text;!
File: images/08-Metrics for structural holes/08-constraint_index_example.png Gr
aphic file (type bmp)
<images/08-Metrics for structural holes/08-constraint_index_example.png>
[51] [52]
Chapter 9.
Missing character: There is no 💡 in font [lmroman10-regular]:mapping=tex-text;!
[53

] [54]
Chapter 10.
File: _main_files/figure-latex/unnamed-chunk-62-1.pdf Graphic file (type pdf)
<use _main_files/figure-latex/unnamed-chunk-62-1.pdf>

Underfull \vbox (badness 10000) has occurred while \output is active []

[55

]
File: images/10-Two mode networks/Untitled.png Graphic file (type bmp)
<images/10-Two mode networks/Untitled.png>

LaTeX Warning: `!h' float specifier changed to `!ht'.

Missing character: There is no 💡 in font [lmroman10-regular]:mapping=tex-text;!
Missing character: There is no 💡 in font [lmroman10-regular]:mapping=tex-text;!
File: images/10-Two mode networks/Untitled 1.png Graphic file (type bmp)
<images/10-Two mode networks/Untitled 1.png>

LaTeX Warning: `!h' float specifier changed to `!ht'.

File: images/10-Two mode networks/Untitled 2.png Graphic file (type bmp)
<images/10-Two mode networks/Untitled 2.png>
[56] [57]
File: images/10-Two mode networks/Untitled 3.png Graphic file (type bmp)
<images/10-Two mode networks/Untitled 3.png>
File: _main_files/figure-latex/unnamed-chunk-69-1.pdf Graphic file (type pdf)
<use _main_files/figure-latex/unnamed-chunk-69-1.pdf>
[58] [59]
File: images/10-Two mode networks/Untitled 5.png Graphic file (type bmp)
<images/10-Two mode networks/Untitled 5.png>
[60]
File: images/10-Two mode networks/Untitled 6.png Graphic file (type bmp)
<images/10-Two mode networks/Untitled 6.png>
File: images/10-Two mode networks/Untitled 8.png Graphic file (type bmp)
<images/10-Two mode networks/Untitled 8.png>
File: images/10-Two mode networks/Untitled 9.png Graphic file (type bmp)
<images/10-Two mode networks/Untitled 9.png>

LaTeX Warning: `!h' float specifier changed to `!ht'.

[61]
Missing character: There is no 💡 in font [lmroman10-regular]:mapping=tex-text;!
File: images/10-Two mode networks/Untitled 10.png Graphic file (type bmp)
<images/10-Two mode networks/Untitled 10.png>
File: images/10-Two mode networks/Untitled 11.png Graphic file (type bmp)
<images/10-Two mode networks/Untitled 11.png>

LaTeX Warning: `!h' float specifier changed to `!ht'.

Missing character: There is no 💡 in font [lmroman10-regular]:mapping=tex-text;!
File: images/10-Two mode networks/Untitled 12.png Graphic file (type bmp)
<images/10-Two mode networks/Untitled 12.png>
[62]
File: images/10-Two mode networks/Untitled 13.png Graphic file (type bmp)
<images/10-Two mode networks/Untitled 13.png>
Missing character: There is no 💡 in font [lmroman10-regular]:mapping=tex-text;!
File: images/10-Two mode networks/Untitled 14.png Graphic file (type bmp)
<images/10-Two mode networks/Untitled 14.png>
[63]
Chapter 11.
File: _main_files/figure-latex/unnamed-chunk-83-1.pdf Graphic file (type pdf)
<use _main_files/figure-latex/unnamed-chunk-83-1.pdf>
[64

]
Missing character: There is no 💡 in font [lmroman10-regular]:mapping=tex-text;!
File: _main_files/figure-latex/unnamed-chunk-84-1.pdf Graphic file (type pdf)
<use _main_files/figure-latex/unnamed-chunk-84-1.pdf>
Missing character: There is no 💡 in font [lmroman10-regular]:mapping=tex-text;!
[65]
File: _main_files/figure-latex/unnamed-chunk-85-1.pdf Graphic file (type pdf)
<use _main_files/figure-latex/unnamed-chunk-85-1.pdf>
Missing character: There is no 💡 in font [lmroman10-regular]:mapping=tex-text;!
[66] [67]
File: _main_files/figure-latex/unnamed-chunk-87-1.pdf Graphic file (type pdf)
<use _main_files/figure-latex/unnamed-chunk-87-1.pdf>
File: images/11-Subgroups and Structural Equivalence/Untitled 3.png Graphic fil
e (type bmp)
<images/11-Subgroups and Structural Equivalence/Untitled 3.png>

LaTeX Warning: `!h' float specifier changed to `!ht'.

[68]
Missing character: There is no 💡 in font [lmroman10-regular]:mapping=tex-text;!
File: images/11-Subgroups and Structural Equivalence/Untitled 4.png Graphic fil
e (type bmp)
<images/11-Subgroups and Structural Equivalence/Untitled 4.png>
Missing character: There is no 💡 in font [lmroman10-regular]:mapping=tex-text;!
[69]
File: images/11-Subgroups and Structural Equivalence/Untitled 5.png Graphic fil
e (type bmp)
<images/11-Subgroups and Structural Equivalence/Untitled 5.png>
Missing character: There is no 💡 in font [lmroman10-regular]:mapping=tex-text;!
[70]
File: images/11-Subgroups and Structural Equivalence/Untitled 6.png Graphic fil
e (type bmp)
<images/11-Subgroups and Structural Equivalence/Untitled 6.png>
File: images/11-Subgroups and Structural Equivalence/Untitled 7.png Graphic fil
e (type bmp)
<images/11-Subgroups and Structural Equivalence/Untitled 7.png>
File: _main_files/figure-latex/unnamed-chunk-95-1.pdf Graphic file (type pdf)
<use _main_files/figure-latex/unnamed-chunk-95-1.pdf>

Underfull \vbox (badness 10000) has occurred while \output is active []

[71]
File: _main_files/figure-latex/unnamed-chunk-96-1.pdf Graphic file (type pdf)
<use _main_files/figure-latex/unnamed-chunk-96-1.pdf>

Underfull \vbox (badness 10000) has occurred while \output is active []

[72]
File: images/11-Subgroups and Structural Equivalence/Untitled 9.png Graphic fil
e (type bmp)
<images/11-Subgroups and Structural Equivalence/Untitled 9.png>
File: images/11-Subgroups and Structural Equivalence/Untitled 10.png Graphic fi
le (type bmp)
<images/11-Subgroups and Structural Equivalence/Untitled 10.png>
[73]
Chapter 12.
File: images/12-Reciprocity and transitivity/Untitled.png Graphic file (type bm
p)
<images/12-Reciprocity and transitivity/Untitled.png>
Missing character: There is no 💡 in font [lmroman10-regular]:mapping=tex-text;!
[74

]
Missing character: There is no 💡 in font [lmroman10-regular]:mapping=tex-text;!
Missing character: There is no 💡 in font [lmroman10-regular]:mapping=tex-text;!

Underfull \hbox (badness 10000) in paragraph at lines 3425--3427

 []

[75]
File: images/12-Reciprocity and transitivity/MAN.png Graphic file (type bmp)
<images/12-Reciprocity and transitivity/MAN.png>

LaTeX Warning: `!h' float specifier changed to `!ht'.

[76] [77]
Chapter 13.
LaTeX Font Info:    Font shape `TU/latinmodern-math.otf(1)/b/n' will be
(Font)              scaled to size 10.0pt on input line 3656.
LaTeX Font Info:    Font shape `TU/latinmodern-math.otf(1)/b/n' will be
(Font)              scaled to size 7.0pt on input line 3656.
LaTeX Font Info:    Font shape `TU/latinmodern-math.otf(1)/b/n' will be
(Font)              scaled to size 5.0pt on input line 3656.
LaTeX Font Info:    Font shape `TU/latinmodern-math.otf(2)/b/n' will be
(Font)              scaled to size 10.00092pt on input line 3656.
LaTeX Font Info:    Font shape `TU/latinmodern-math.otf(2)/b/n' will be
(Font)              scaled to size 7.00064pt on input line 3656.
LaTeX Font Info:    Font shape `TU/latinmodern-math.otf(2)/b/n' will be
(Font)              scaled to size 5.00046pt on input line 3656.
LaTeX Font Info:    Font shape `TU/latinmodern-math.otf(3)/b/n' will be
(Font)              scaled to size 9.99893pt on input line 3656.
LaTeX Font Info:    Font shape `TU/latinmodern-math.otf(3)/b/n' will be
(Font)              scaled to size 6.99925pt on input line 3656.
LaTeX Font Info:    Font shape `TU/latinmodern-math.otf(3)/b/n' will be
(Font)              scaled to size 4.99947pt on input line 3656.
Missing character: There is no 💡 in font [lmroman10-regular]:mapping=tex-text;!
File: images/13-ERGMs/Untitled.png Graphic file (type bmp)
<images/13-ERGMs/Untitled.png>

LaTeX Warning: `!h' float specifier changed to `!ht'.

[78

]
Missing character: There is no 💡 in font [lmroman10-regular]:mapping=tex-text;!
File: images/13-ERGMs/Untitled 1.png Graphic file (type bmp)
<images/13-ERGMs/Untitled 1.png>
Missing character: There is no 💡 in font [lmroman10-regular]:mapping=tex-text;!
Missing character: There is no 💡 in font [lmroman10-regular]:mapping=tex-text;!
[79]
Missing character: There is no 💡 in font [lmroman10-regular]:mapping=tex-text;!
File: images/13-ERGMs/Untitled 2.png Graphic file (type bmp)
<images/13-ERGMs/Untitled 2.png>
[80] [81] [82]
Chapter 14.
Missing character: There is no 🌐 in font [lmroman10-regular]:mapping=tex-text;!
Missing character: There is no 🌐 in font [lmroman10-regular]:mapping=tex-text;!
Missing character: There is no 🚬 in font [lmroman10-regular]:mapping=tex-text;!
Missing character: There is no 🌐 in font [lmroman10-regular]:mapping=tex-text;!
Missing character: There is no 🚬 in font [lmroman10-regular]:mapping=tex-text;!
Missing character: There is no 🌐 in font [lmroman10-regular]:mapping=tex-text;!
Missing character: There is no 🚬 in font [lmroman10-regular]:mapping=tex-text;!
[83

]
File: images/14-Christakis and Valente/Untitled.png Graphic file (type bmp)
<images/14-Christakis and Valente/Untitled.png>
Missing character: There is no 🏦 in font [lmroman10-regular]:mapping=tex-text;!
Missing character: There is no 💼 in font [lmroman10-regular]:mapping=tex-text;!
Missing character: There is no 🦠 in font [lmroman10-regular]:mapping=tex-text;!
Missing character: There is no 🚬 in font [lmroman10-regular]:mapping=tex-text;!
Missing character: There is no 😷 in font [lmroman10-regular]:mapping=tex-text;!
Missing character: There is no 🚬 in font [lmroman10-regular]:mapping=tex-text;!
Missing character: There is no 😷 in font [lmroman10-regular]:mapping=tex-text;!
[84]
File: images/14-Christakis and Valente/Untitled 1.png Graphic file (type bmp)
<images/14-Christakis and Valente/Untitled 1.png>
File: images/14-Christakis and Valente/Untitled 2.png Graphic file (type bmp)
<images/14-Christakis and Valente/Untitled 2.png>

LaTeX Warning: `!h' float specifier changed to `!ht'.

Missing character: There is no 🌐 in font [lmroman10-regular]:mapping=tex-text;!
File: images/14-Christakis and Valente/Untitled 3.png Graphic file (type bmp)
<images/14-Christakis and Valente/Untitled 3.png>

LaTeX Warning: `!h' float specifier changed to `!ht'.

[85] [86]
File: images/14-Christakis and Valente/Untitled 4.png Graphic file (type bmp)
<images/14-Christakis and Valente/Untitled 4.png>
File: images/14-Christakis and Valente/Untitled 5.png Graphic file (type bmp)
<images/14-Christakis and Valente/Untitled 5.png>

LaTeX Warning: `!h' float specifier changed to `!ht'.

[87]
File: images/14-Christakis and Valente/Untitled 6.png Graphic file (type bmp)
<images/14-Christakis and Valente/Untitled 6.png>
[88]
Chapter 15.
Missing character: There is no ❓ in font [lmroman10-regular]:mapping=tex-text;!
Missing character: There is no ❓ in font [lmroman10-regular]:mapping=tex-text;!
Missing character: There is no ❓ in font [lmroman10-regular]:mapping=tex-text;!
[89

] [90]
Missing character: There is no ❓ in font [lmroman10-regular]:mapping=tex-text;!
Missing character: There is no ❓ in font [lmroman10-regular]:mapping=tex-text;!
[91] [92] [93

]
Chapter 16.
[94

]
File: _main_files/figure-latex/unnamed-chunk-116-1.pdf Graphic file (type pdf)
<use _main_files/figure-latex/unnamed-chunk-116-1.pdf>

Underfull \vbox (badness 1102) has occurred while \output is active []

[95]
File: _main_files/figure-latex/unnamed-chunk-117-1.pdf Graphic file (type pdf)
<use _main_files/figure-latex/unnamed-chunk-117-1.pdf>
File: _main_files/figure-latex/unnamed-chunk-118-1.pdf Graphic file (type pdf)
<use _main_files/figure-latex/unnamed-chunk-118-1.pdf>

Underfull \vbox (badness 1205) has occurred while \output is active []

[96]
File: _main_files/figure-latex/unnamed-chunk-119-1.pdf Graphic file (type pdf)
<use _main_files/figure-latex/unnamed-chunk-119-1.pdf>

Underfull \vbox (badness 1715) has occurred while \output is active []

[97]
LaTeX Font Info:    Font shape `TU/lmtt/bx/n' in size <10> not available
(Font)              Font shape `TU/lmtt/b/n' tried instead on input line 4585.
File: _main_files/figure-latex/unnamed-chunk-120-1.pdf Graphic file (type pdf)
<use _main_files/figure-latex/unnamed-chunk-120-1.pdf>

Underfull \vbox (badness 10000) has occurred while \output is active []

[98] [99]
File: _main_files/figure-latex/unnamed-chunk-123-1.pdf Graphic file (type pdf)
<use _main_files/figure-latex/unnamed-chunk-123-1.pdf>

Underfull \vbox (badness 10000) has occurred while \output is active []

[100]

LaTeX Font Warning: Font shape `TU/lmtt/bx/it' in size <10> not available
(Font)              Font shape `TU/lmtt/b/sl' tried instead on input line 4705.


[101]
File: _main_files/figure-latex/unnamed-chunk-126-1.pdf Graphic file (type pdf)
<use _main_files/figure-latex/unnamed-chunk-126-1.pdf>
File: _main_files/figure-latex/unnamed-chunk-127-1.pdf Graphic file (type pdf)
<use _main_files/figure-latex/unnamed-chunk-127-1.pdf>

Underfull \vbox (badness 10000) has occurred while \output is active []

[102]
File: _main_files/figure-latex/unnamed-chunk-128-1.pdf Graphic file (type pdf)
<use _main_files/figure-latex/unnamed-chunk-128-1.pdf>

Underfull \vbox (badness 3942) has occurred while \output is active []

[103]
File: _main_files/figure-latex/unnamed-chunk-130-1.pdf Graphic file (type pdf)
<use _main_files/figure-latex/unnamed-chunk-130-1.pdf>

Underfull \vbox (badness 10000) has occurred while \output is active []

[104] [105]
File: _main_files/figure-latex/unnamed-chunk-131-1.pdf Graphic file (type pdf)
<use _main_files/figure-latex/unnamed-chunk-131-1.pdf>

Overfull \vbox (0.1823pt too high) detected at line 4937
 []

[106]
File: _main_files/figure-latex/unnamed-chunk-132-1.pdf Graphic file (type pdf)
<use _main_files/figure-latex/unnamed-chunk-132-1.pdf>
[107]
Underfull \vbox (badness 3884) detected at line 5027
 []


Underfull \vbox (badness 1137) has occurred while \output is active []

[108]
File: _main_files/figure-latex/unnamed-chunk-133-1.pdf Graphic file (type pdf)
<use _main_files/figure-latex/unnamed-chunk-133-1.pdf>
File: _main_files/figure-latex/unnamed-chunk-134-1.pdf Graphic file (type pdf)
<use _main_files/figure-latex/unnamed-chunk-134-1.pdf>

Underfull \vbox (badness 10000) has occurred while \output is active []

[109]
File: _main_files/figure-latex/unnamed-chunk-134-2.pdf Graphic file (type pdf)
<use _main_files/figure-latex/unnamed-chunk-134-2.pdf>
[110]
File: _main_files/figure-latex/unnamed-chunk-135-1.pdf Graphic file (type pdf)
<use _main_files/figure-latex/unnamed-chunk-135-1.pdf>
[111]
File: _main_files/figure-latex/unnamed-chunk-136-1.pdf Graphic file (type pdf)
<use _main_files/figure-latex/unnamed-chunk-136-1.pdf>
[112]
File: _main_files/figure-latex/unnamed-chunk-137-1.pdf Graphic file (type pdf)
<use _main_files/figure-latex/unnamed-chunk-137-1.pdf>
[113]
File: _main_files/figure-latex/unnamed-chunk-139-1.pdf Graphic file (type pdf)
<use _main_files/figure-latex/unnamed-chunk-139-1.pdf>
[114]
File: _main_files/figure-latex/unnamed-chunk-140-1.pdf Graphic file (type pdf)
<use _main_files/figure-latex/unnamed-chunk-140-1.pdf>
[115]
File: _main_files/figure-latex/unnamed-chunk-142-1.pdf Graphic file (type pdf)
<use _main_files/figure-latex/unnamed-chunk-142-1.pdf>
File: _main_files/figure-latex/unnamed-chunk-143-1.pdf Graphic file (type pdf)
<use _main_files/figure-latex/unnamed-chunk-143-1.pdf>

Underfull \vbox (badness 10000) has occurred while \output is active []

[116]
File: _main_files/figure-latex/unnamed-chunk-144-1.pdf Graphic file (type pdf)
<use _main_files/figure-latex/unnamed-chunk-144-1.pdf>

Underfull \vbox (badness 10000) has occurred while \output is active []

[117]
Underfull \vbox (badness 10000) detected at line 5392
 []


Overfull \vbox (1.59938pt too high) detected at line 5392
 []

[118]
File: _main_files/figure-latex/unnamed-chunk-145-1.pdf Graphic file (type pdf)
<use _main_files/figure-latex/unnamed-chunk-145-1.pdf>
File: _main_files/figure-latex/unnamed-chunk-148-1.pdf Graphic file (type pdf)
<use _main_files/figure-latex/unnamed-chunk-148-1.pdf>

Underfull \vbox (badness 10000) has occurred while \output is active []

[119] [120]
Chapter 17.
File: _main_files/figure-latex/unnamed-chunk-149-1.pdf Graphic file (type pdf)
<use _main_files/figure-latex/unnamed-chunk-149-1.pdf>

Underfull \vbox (badness 10000) has occurred while \output is active []

[121

]
File: _main_files/figure-latex/unnamed-chunk-150-1.pdf Graphic file (type pdf)
<use _main_files/figure-latex/unnamed-chunk-150-1.pdf>

Underfull \vbox (badness 10000) has occurred while \output is active []

[122] [123] [124] [125] [126]
Chapter 18.
[127

]
File: _main_files/figure-latex/unnamed-chunk-157-1.pdf Graphic file (type pdf)
<use _main_files/figure-latex/unnamed-chunk-157-1.pdf>
[128] [129]
File: _main_files/figure-latex/unnamed-chunk-162-1.pdf Graphic file (type pdf)
<use _main_files/figure-latex/unnamed-chunk-162-1.pdf>
[130]
File: _main_files/figure-latex/unnamed-chunk-166-1.pdf Graphic file (type pdf)
<use _main_files/figure-latex/unnamed-chunk-166-1.pdf>
[131] [132]
File: _main_files/figure-latex/unnamed-chunk-170-1.pdf Graphic file (type pdf)
<use _main_files/figure-latex/unnamed-chunk-170-1.pdf>
File: _main_files/figure-latex/unnamed-chunk-171-1.pdf Graphic file (type pdf)
<use _main_files/figure-latex/unnamed-chunk-171-1.pdf>

Underfull \hbox (badness 10000) in paragraph at lines 6134--6136
[][]
 []

[133]
File: _main_files/figure-latex/unnamed-chunk-173-1.pdf Graphic file (type pdf)
<use _main_files/figure-latex/unnamed-chunk-173-1.pdf>

Underfull \vbox (badness 10000) has occurred while \output is active []

[134] [135]
Chapter 19.
File: _main_files/figure-latex/unnamed-chunk-175-1.pdf Graphic file (type pdf)
<use _main_files/figure-latex/unnamed-chunk-175-1.pdf>

Underfull \vbox (badness 10000) has occurred while \output is active []

[136

] [137]
File: _main_files/figure-latex/unnamed-chunk-177-1.pdf Graphic file (type pdf)
<use _main_files/figure-latex/unnamed-chunk-177-1.pdf>
[138]
File: _main_files/figure-latex/unnamed-chunk-178-1.pdf Graphic file (type pdf)
<use _main_files/figure-latex/unnamed-chunk-178-1.pdf>
File: _main_files/figure-latex/unnamed-chunk-179-1.pdf Graphic file (type pdf)
<use _main_files/figure-latex/unnamed-chunk-179-1.pdf>

Underfull \vbox (badness 10000) has occurred while \output is active []

[139]
Overfull \hbox (3.70865pt too wide) in paragraph at lines 6399--6399
[]\TU/lmtt/m/n/10 ##        e1        e2        e3        e4        e5        e
6        e7        e8[] 
 []


Overfull \hbox (3.70865pt too wide) in paragraph at lines 6399--6399
[]\TU/lmtt/m/n/10 ## 0.6666667 0.3333333 0.3333333 0.3333333 0.1666667 0.166666
7 0.3333333 0.3333333[] 
 []

[140] [141]
Chapter 20.
File: _main_files/figure-latex/unnamed-chunk-183-1.pdf Graphic file (type pdf)
<use _main_files/figure-latex/unnamed-chunk-183-1.pdf>
File: _main_files/figure-latex/unnamed-chunk-185-1.pdf Graphic file (type pdf)
<use _main_files/figure-latex/unnamed-chunk-185-1.pdf>
[142

]
File: _main_files/figure-latex/unnamed-chunk-187-1.pdf Graphic file (type pdf)
<use _main_files/figure-latex/unnamed-chunk-187-1.pdf>

Underfull \vbox (badness 10000) has occurred while \output is active []

[143]
File: _main_files/figure-latex/unnamed-chunk-189-1.pdf Graphic file (type pdf)
<use _main_files/figure-latex/unnamed-chunk-189-1.pdf>

Underfull \vbox (badness 10000) has occurred while \output is active []

[144] [145]
Chapter 21.
File: _main_files/figure-latex/unnamed-chunk-190-1.pdf Graphic file (type pdf)
<use _main_files/figure-latex/unnamed-chunk-190-1.pdf>
[146

]
File: _main_files/figure-latex/unnamed-chunk-195-1.pdf Graphic file (type pdf)
<use _main_files/figure-latex/unnamed-chunk-195-1.pdf>

Overfull \vbox (0.52214pt too high) detected at line 6655
 []

[147]
File: _main_files/figure-latex/unnamed-chunk-198-1.pdf Graphic file (type pdf)
<use _main_files/figure-latex/unnamed-chunk-198-1.pdf>
[148] (_main.aux)

LaTeX Warning: There were multiply-defined labels.

 ) 
Here is how much of TeX's memory you used:
 22591 strings out of 412095
 414980 string characters out of 2847043
 915230 words of memory out of 3000000
 41792 multiletter control sequences out of 15000+200000
 408606 words of font info for 79 fonts, out of 3000000 for 9000
 1348 hyphenation exceptions out of 8191
 94i,17n,118p,707b,480s stack positions out of 5000i,500n,10000p,200000b,50000s

Output written on _main.pdf (148 pages).
